Watching for file changes with StatReloader
Bad Request: /api/question-group/
"POST /api/question-group/ HTTP/1.1" 400 56
C:\Projetos\etech\projeto-2-semestre\backend\quiz\core\viewsets.py changed, reloading.
Watching for file changes with StatReloader
C:\Projetos\etech\projeto-2-semestre\backend\quiz\core\viewsets.py changed, reloading.
Watching for file changes with StatReloader
C:\Projetos\etech\projeto-2-semestre\backend\quiz\core\viewsets.py changed, reloading.
Watching for file changes with StatReloader
Unauthorized: /api/question-group/
"POST /api/question-group/ HTTP/1.1" 401 183
"POST /api/token/ HTTP/1.1" 200 483
"GET /api/question-group/ HTTP/1.1" 200 2
"GET /api/question/ HTTP/1.1" 200 112
Bad Request: /api/question-group/
"POST /api/question-group/ HTTP/1.1" 400 46
C:\Projetos\etech\projeto-2-semestre\backend\quiz\core\serializers.py changed, reloading.
Watching for file changes with StatReloader
C:\Projetos\etech\projeto-2-semestre\backend\quiz\core\viewsets.py changed, reloading.
Watching for file changes with StatReloader
Bad Request: /api/question-group/
"POST /api/question-group/ HTTP/1.1" 400 48
C:\Projetos\etech\projeto-2-semestre\backend\quiz\core\viewsets.py changed, reloading.
Watching for file changes with StatReloader
"POST /api/token/ HTTP/1.1" 200 483
"GET /api/question-group/ HTTP/1.1" 200 2
"POST /api/token/ HTTP/1.1" 200 483
"GET /api/question-group/ HTTP/1.1" 200 2
"GET /api/question/ HTTP/1.1" 200 112
Bad Request: /api/question-group/
"POST /api/question-group/ HTTP/1.1" 400 46
"GET /api/question-group/ HTTP/1.1" 200 2
Unauthorized: /api/question-group/
"GET /api/question-group/ HTTP/1.1" 401 183
"GET /api/question-group/ HTTP/1.1" 200 2
Unauthorized: /api/question-group/
"GET /api/question-group/ HTTP/1.1" 401 183
"GET /api/question-group/ HTTP/1.1" 200 2
Unauthorized: /api/question-group/
"GET /api/question-group/ HTTP/1.1" 401 183
"POST /api/token/ HTTP/1.1" 200 483
"GET /api/question-group/ HTTP/1.1" 200 2
"GET /api/question/ HTTP/1.1" 200 112
Bad Request: /api/question-group/
"POST /api/question-group/ HTTP/1.1" 400 50
"GET /api/question-group/ HTTP/1.1" 200 2
Unauthorized: /api/question-group/
"GET /api/question-group/ HTTP/1.1" 401 183
"GET /api/question/ HTTP/1.1" 200 112
Bad Request: /api/question-group/
"POST /api/question-group/ HTTP/1.1" 400 50
"GET /api/question-group/ HTTP/1.1" 200 2
Unauthorized: /api/question-group/
"GET /api/question-group/ HTTP/1.1" 401 183
"GET /api/question/ HTTP/1.1" 200 112
Bad Request: /api/question-group/
"POST /api/question-group/ HTTP/1.1" 400 50
"GET /api/question-group/ HTTP/1.1" 200 2
"GET /api/question/ HTTP/1.1" 200 112
Bad Request: /api/question-group/
"POST /api/question-group/ HTTP/1.1" 400 50
Unauthorized: /api/question-group/
"GET /api/question-group/ HTTP/1.1" 401 183
"GET /api/question-group/ HTTP/1.1" 200 2
"GET /api/question/ HTTP/1.1" 200 112
Bad Request: /api/question-group/
"POST /api/question-group/ HTTP/1.1" 400 50
"GET /api/question-group/ HTTP/1.1" 200 2
Unauthorized: /api/question-group/
"GET /api/question-group/ HTTP/1.1" 401 183
Unauthorized: /api/question/
"GET /api/question/ HTTP/1.1" 401 183
Unauthorized: /api/question-group/
"GET /api/question-group/ HTTP/1.1" 401 183
"POST /api/token/ HTTP/1.1" 200 483
"GET /api/question-group/ HTTP/1.1" 200 2
"GET /api/question-group/ HTTP/1.1" 200 2
"GET /api/question/ HTTP/1.1" 200 112
Bad Request: /api/question-group/
"POST /api/question-group/ HTTP/1.1" 400 46
C:\Projetos\etech\projeto-2-semestre\backend\quiz\core\serializers.py changed, reloading.
Watching for file changes with StatReloader
C:\Projetos\etech\projeto-2-semestre\backend\quiz\core\serializers.py changed, reloading.
Watching for file changes with StatReloader
C:\Projetos\etech\projeto-2-semestre\backend\quiz\core\serializers.py changed, reloading.
Watching for file changes with StatReloader
"POST /api/token/ HTTP/1.1" 200 483
"GET /api/question-group/ HTTP/1.1" 200 2
"POST /api/token/ HTTP/1.1" 200 483
"GET /api/question-group/ HTTP/1.1" 200 2
"GET /api/question/ HTTP/1.1" 200 112
"GET /api/question-group/ HTTP/1.1" 200 2
"GET /api/question/ HTTP/1.1" 200 112
Bad Request: /api/question-group/
"POST /api/question-group/ HTTP/1.1" 400 50
Unauthorized: /api/question-group/
"GET /api/question-group/ HTTP/1.1" 401 183
"GET /api/question-group/ HTTP/1.1" 200 2
"GET /api/question-group/ HTTP/1.1" 200 2
Unauthorized: /api/question-group/
"GET /api/question-group/ HTTP/1.1" 401 183
Unauthorized: /api/question-group/
"GET /api/question-group/ HTTP/1.1" 401 183
"GET /api/question-group/ HTTP/1.1" 200 2
"GET /api/question-group/ HTTP/1.1" 200 2
"GET /api/question/ HTTP/1.1" 200 112
Bad Request: /api/question-group/
"POST /api/question-group/ HTTP/1.1" 400 50
"GET /api/question-group/ HTTP/1.1" 200 2
Unauthorized: /api/question-group/
"GET /api/question-group/ HTTP/1.1" 401 183
Unauthorized: /api/question/
"GET /api/question/ HTTP/1.1" 401 183
"POST /api/token/ HTTP/1.1" 200 483
"GET /api/question-group/ HTTP/1.1" 200 2
"GET /api/question/ HTTP/1.1" 200 112
"GET /api/question-group/ HTTP/1.1" 200 2
"GET /api/question/ HTTP/1.1" 200 112
Bad Request: /api/question-group/
"POST /api/question-group/ HTTP/1.1" 400 46
C:\Projetos\etech\projeto-2-semestre\backend\quiz\core\serializers.py changed, reloading.
Watching for file changes with StatReloader
Bad Request: /api/question-group/
"POST /api/question-group/ HTTP/1.1" 400 46
C:\Projetos\etech\projeto-2-semestre\backend\quiz\core\serializers.py changed, reloading.
Watching for file changes with StatReloader
C:\Projetos\etech\projeto-2-semestre\backend\quiz\core\serializers.py changed, reloading.
Watching for file changes with StatReloader
C:\Projetos\etech\projeto-2-semestre\backend\quiz\core\serializers.py changed, reloading.
Watching for file changes with StatReloader
C:\Projetos\etech\projeto-2-semestre\backend\quiz\core\serializers.py changed, reloading.
Watching for file changes with StatReloader
C:\Projetos\etech\projeto-2-semestre\backend\quiz\core\viewsets.py changed, reloading.
Watching for file changes with StatReloader
C:\Projetos\etech\projeto-2-semestre\backend\quiz\core\viewsets.py changed, reloading.
Watching for file changes with StatReloader
C:\Projetos\etech\projeto-2-semestre\backend\quiz\core\viewsets.py changed, reloading.
Watching for file changes with StatReloader
Unauthorized: /api/question-group/
"GET /api/question-group/ HTTP/1.1" 401 183
"POST /api/token/ HTTP/1.1" 200 483
"GET /api/question-group/ HTTP/1.1" 200 2
"GET /api/question/ HTTP/1.1" 200 112
Bad Request: /api/question-group/
"POST /api/question-group/ HTTP/1.1" 400 56
"GET /api/question-group/ HTTP/1.1" 200 2
Unauthorized: /api/question-group/
"GET /api/question-group/ HTTP/1.1" 401 183
"GET /api/question/ HTTP/1.1" 200 112
Bad Request: /api/question-group/
"POST /api/question-group/ HTTP/1.1" 400 50
C:\Projetos\etech\projeto-2-semestre\backend\quiz\core\viewsets.py changed, reloading.
Watching for file changes with StatReloader
C:\Projetos\etech\projeto-2-semestre\backend\quiz\core\viewsets.py changed, reloading.
Watching for file changes with StatReloader
C:\Projetos\etech\projeto-2-semestre\backend\quiz\core\serializers.py changed, reloading.
Watching for file changes with StatReloader
Unauthorized: /api/question-group/
"GET /api/question-group/ HTTP/1.1" 401 183
"GET /api/question-group/ HTTP/1.1" 200 2
"GET /api/question-group/ HTTP/1.1" 200 2
"GET /api/question/ HTTP/1.1" 200 112
Bad Request: /api/question-group/
"POST /api/question-group/ HTTP/1.1" 400 46
C:\Projetos\etech\projeto-2-semestre\backend\quiz\core\serializers.py changed, reloading.
Watching for file changes with StatReloader
Unauthorized: /api/question-group/
"GET /api/question-group/ HTTP/1.1" 401 183
Unauthorized: /api/question-group/
"GET /api/question-group/ HTTP/1.1" 401 183
Unauthorized: /api/question-group/
"GET /api/question-group/ HTTP/1.1" 401 183
Unauthorized: /api/question-group/
"GET /api/question-group/ HTTP/1.1" 401 183
Unauthorized: /api/question-group/
"GET /api/question-group/ HTTP/1.1" 401 183
"POST /api/token/ HTTP/1.1" 200 483
"GET /api/question-group/ HTTP/1.1" 200 2
"GET /api/question/ HTTP/1.1" 200 112
"GET /api/question-group/ HTTP/1.1" 200 2
"GET /api/question/ HTTP/1.1" 200 112
Bad Request: /api/question-group/
"POST /api/question-group/ HTTP/1.1" 400 50
"GET /api/question-group/ HTTP/1.1" 200 2
Unauthorized: /api/question-group/
"GET /api/question-group/ HTTP/1.1" 401 183
"GET /api/question/ HTTP/1.1" 200 112
Bad Request: /api/question-group/
"POST /api/question-group/ HTTP/1.1" 400 46
C:\Projetos\etech\projeto-2-semestre\backend\quiz\core\serializers.py changed, reloading.
Watching for file changes with StatReloader
Unauthorized: /api/question-group/
"GET /api/question-group/ HTTP/1.1" 401 183
"GET /api/question-group/ HTTP/1.1" 200 2
"GET /api/question-group/ HTTP/1.1" 200 2
"GET /api/question/ HTTP/1.1" 200 112
Bad Request: /api/question-group/
"POST /api/question-group/ HTTP/1.1" 400 50
Unauthorized: /api/question-group/
"GET /api/question-group/ HTTP/1.1" 401 183
"GET /api/question-group/ HTTP/1.1" 200 2
"GET /api/question-group/ HTTP/1.1" 200 2
Unauthorized: /api/question-group/
"GET /api/question-group/ HTTP/1.1" 401 183
"GET /api/question/ HTTP/1.1" 200 112
Bad Request: /api/question-group/
"POST /api/question-group/ HTTP/1.1" 400 50
Watching for file changes with StatReloader
Unauthorized: /api/question-group/
"GET /api/question-group/ HTTP/1.1" 401 183
Unauthorized: /api/question/
"GET /api/question/ HTTP/1.1" 401 183
"POST /api/token/ HTTP/1.1" 200 483
"GET /api/question-group/ HTTP/1.1" 200 2
"GET /api/question/ HTTP/1.1" 200 112
Bad Request: /api/question-group/
"POST /api/question-group/ HTTP/1.1" 400 50
C:\Projetos\etech\projeto-2-semestre\backend\quiz\core\serializers.py changed, reloading.
Watching for file changes with StatReloader
C:\Projetos\etech\projeto-2-semestre\backend\quiz\core\serializers.py changed, reloading.
Watching for file changes with StatReloader
"GET /api/question-group/ HTTP/1.1" 200 2
"GET /api/question/ HTTP/1.1" 200 112
Bad Request: /api/question-group/
"POST /api/question-group/ HTTP/1.1" 400 50
"GET /api/question-group/ HTTP/1.1" 200 2
"GET /api/question-group/ HTTP/1.1" 200 2
"GET /api/question/ HTTP/1.1" 200 112
Bad Request: /api/question-group/
"POST /api/question-group/ HTTP/1.1" 400 56
"GET /api/question-group/ HTTP/1.1" 200 2
"GET /api/question-group/ HTTP/1.1" 200 2
"GET /api/question-group/ HTTP/1.1" 200 2
"GET /api/question-group/ HTTP/1.1" 200 2
"GET /api/question/ HTTP/1.1" 200 112
Bad Request: /api/question-group/
"POST /api/question-group/ HTTP/1.1" 400 56
Watching for file changes with StatReloader
Unauthorized: /api/question-group/
"GET /api/question-group/ HTTP/1.1" 401 183
Unauthorized: /api/question-group/
"GET /api/question-group/ HTTP/1.1" 401 183
"POST /api/token/ HTTP/1.1" 200 483
"GET /api/question-group/ HTTP/1.1" 200 2
"GET /api/question/ HTTP/1.1" 200 112
Bad Request: /api/question-group/
"POST /api/question-group/ HTTP/1.1" 400 50
Unauthorized: /api/question-group/
"GET /api/question-group/ HTTP/1.1" 401 183
Unauthorized: /api/question-group/
"GET /api/question-group/ HTTP/1.1" 401 183
Unauthorized: /api/question-group/
"GET /api/question-group/ HTTP/1.1" 401 183
"OPTIONS /api/question-group/ HTTP/1.1" 200 0
"OPTIONS /api/question-group/ HTTP/1.1" 200 0
Unauthorized: /api/question-group/
"GET /api/question-group/ HTTP/1.1" 401 183
Unauthorized: /api/question-group/
"GET /api/question-group/ HTTP/1.1" 401 183
Unauthorized: /api/question-group/
"GET /api/question-group/ HTTP/1.1" 401 183
Unauthorized: /api/question-group/
"GET /api/question-group/ HTTP/1.1" 401 183
Unauthorized: /api/question-group/
"GET /api/question-group/ HTTP/1.1" 401 183
Unauthorized: /api/question-group/
"GET /api/question-group/ HTTP/1.1" 401 183
"OPTIONS /api/token/ HTTP/1.1" 200 0
"POST /api/token/ HTTP/1.1" 200 483
"GET /api/question-group/ HTTP/1.1" 200 2
"GET /api/question-group/ HTTP/1.1" 200 2
"OPTIONS /api/question/ HTTP/1.1" 200 0
"GET /api/question/ HTTP/1.1" 200 112
Unauthorized: /api/question-group/
"GET /api/question-group/ HTTP/1.1" 401 183
"GET /api/question-group/ HTTP/1.1" 200 2
Unauthorized: /api/question/
"GET /api/question/ HTTP/1.1" 401 183
Unauthorized: /api/question-group/
"GET /api/question-group/ HTTP/1.1" 401 183
"GET /api/question-group/ HTTP/1.1" 200 2
"POST /api/token/ HTTP/1.1" 200 483
"GET /api/question-group/ HTTP/1.1" 200 2
"GET /api/question/ HTTP/1.1" 200 112
"GET /api/question-group/ HTTP/1.1" 200 2
"GET /api/question-group/ HTTP/1.1" 200 2
"GET /api/question-group/ HTTP/1.1" 200 2
"GET /api/question-group/ HTTP/1.1" 200 2
"GET /api/question/ HTTP/1.1" 200 112
Unauthorized: /api/question-group/
"POST /api/question-group/ HTTP/1.1" 401 58
Unauthorized: /api/question-group/
"GET /api/question-group/ HTTP/1.1" 401 183
"GET /api/question-group/ HTTP/1.1" 200 2
"GET /api/question/ HTTP/1.1" 200 112
Unauthorized: /api/question-group/
"POST /api/question-group/ HTTP/1.1" 401 58
Unauthorized: /api/question-group/
"GET /api/question-group/ HTTP/1.1" 401 183
Unauthorized: /api/question-group/
"GET /api/question-group/ HTTP/1.1" 401 183
Unauthorized: /api/question-group/
"GET /api/question-group/ HTTP/1.1" 401 183
"POST /api/token/ HTTP/1.1" 200 483
"GET /api/question-group/ HTTP/1.1" 200 2
"GET /api/question-group/ HTTP/1.1" 200 2
"GET /api/question/ HTTP/1.1" 200 112
"GET /api/question-group/ HTTP/1.1" 200 2
"GET /api/question/ HTTP/1.1" 200 112
Bad Request: /api/question-group/
"POST /api/question-group/ HTTP/1.1" 400 50
Unauthorized: /api/question-group/
"GET /api/question-group/ HTTP/1.1" 401 183
"GET /api/question-group/ HTTP/1.1" 200 2
"GET /api/question-group/ HTTP/1.1" 200 2
Unauthorized: /api/question-group/
"GET /api/question-group/ HTTP/1.1" 401 183
"GET /api/question/ HTTP/1.1" 200 112
Bad Request: /api/question-group/
"POST /api/question-group/ HTTP/1.1" 400 50
"GET /api/question-group/ HTTP/1.1" 200 2
Unauthorized: /api/question-group/
"GET /api/question-group/ HTTP/1.1" 401 183
"GET /api/question/ HTTP/1.1" 200 112
Bad Request: /api/question-group/
"POST /api/question-group/ HTTP/1.1" 400 50
Unauthorized: /api/question-group/
"GET /api/question-group/ HTTP/1.1" 401 183
Unauthorized: /api/question-group/
"GET /api/question-group/ HTTP/1.1" 401 183
C:\Projetos\etech\projeto-2-semestre\backend\quiz\core\viewsets.py changed, reloading.
